Arguments: 
  /usr/local/bin/node /usr/local/bin/yarn add @cdk/aws-iam

PATH: 
  /Users/evancoulson/opt/anaconda3/bin:/Users/evancoulson/opt/anaconda3/condabin:/Users/evancoulson/.cargo/bin:/usr/local/bin:/usr/bin:/bin:/usr/sbin:/sbin:/usr/local/go/bin:/usr/local/share/dotnet:~/.dotnet/tools:/Library/Apple/usr/bin:/Library/Frameworks/Mono.framework/Versions/Current/Commands:/Users/evancoulson/Library/Android/sdk/emulator:/Users/evancoulson/Library/Android/sdk/tools:/Users/evancoulson/Library/Android/sdk/tools/bin:/Users/evancoulson/Library/Android/sdk/platform-tools:/Users/evancoulson/go/bin

Yarn version: 
  1.22.17

Node version: 
  14.17.6

Platform: 
  darwin x64

Trace: 
  Error: https://registry.yarnpkg.com/@cdk%2faws-iam: Not found
      at Request.params.callback [as _callback] (/usr/local/lib/node_modules/yarn/lib/cli.js:67029:18)
      at Request.self.callback (/usr/local/lib/node_modules/yarn/lib/cli.js:140883:22)
      at Request.emit (events.js:400:28)
      at Request.<anonymous> (/usr/local/lib/node_modules/yarn/lib/cli.js:141855:10)
      at Request.emit (events.js:400:28)
      at IncomingMessage.<anonymous> (/usr/local/lib/node_modules/yarn/lib/cli.js:141777:12)
      at Object.onceWrapper (events.js:519:28)
      at IncomingMessage.emit (events.js:412:35)
      at endReadableNT (internal/streams/readable.js:1317:12)
      at processTicksAndRejections (internal/process/task_queues.js:82:21)

npm manifest: 
  {
    "name": "infrastructure-cdk",
    "version": "0.1.0",
    "bin": {
      "infrastructure-cdk": "bin/infrastructure-cdk.js"
    },
    "scripts": {
      "build": "tsc",
      "watch": "tsc -w",
      "test": "jest",
      "cdk": "cdk"
    },
    "devDependencies": {
      "@aws-cdk/assertions": "1.132.0",
      "@types/jest": "^26.0.10",
      "@types/node": "10.17.27",
      "jest": "^26.4.2",
      "ts-jest": "^26.2.0",
      "aws-cdk": "1.132.0",
      "ts-node": "^9.0.0",
      "typescript": "~3.9.7"
    },
    "dependencies": {
      "@aws-cdk/aws-s3": "^1.132.0",
      "@aws-cdk/core": "1.132.0",
      "source-map-support": "^0.5.16"
    }
  }

yarn manifest: 
  No manifest

Lockfile: 
  No lockfile
